<?xml version="1.0" encoding="UTF-8"?>
<!-- Generated by org.testng.reporters.JUnitReportReporter -->
<testsuite hostname="Salenium-07" failures="0" tests="1" name="com.testCases.WebOrder_Login_UsingExcel" time="19.479" errors="0" timestamp="2022-10-18T18:56:47 IST" skipped="0">
  <testcase classname="com.testCases.WebOrder_Login_UsingExcel" name="testLogin" time="19.479"/>
  <system-out/>
</testsuite> <!-- com.testCases.WebOrder_Login_UsingExcel -->
