<?xml version="1.0" encoding="UTF-8"?>
<!-- Generated by org.testng.reporters.JUnitReportReporter -->
<testsuite hostname="Salenium-07" failures="0" tests="3" name="com.testCases.WebOrder_Login_DataDriven" time="15.850" errors="0" timestamp="2022-09-27T10:36:57 GMT-04:00" skipped="0">
  <testcase classname="com.testCases.WebOrder_Login_DataDriven" name="TC_001" time="5.005"/>
  <system-out/>
  <testcase classname="com.testCases.WebOrder_Login_DataDriven" name="TC_001" time="6.212"/>
  <system-out/>
  <testcase classname="com.testCases.WebOrder_Login_DataDriven" name="TC_001" time="4.633"/>
  <system-out/>
</testsuite> <!-- com.testCases.WebOrder_Login_DataDriven -->
